2020-12-22 14:46:08,455 — models.cptec — INFO — get_forecast:30 — http://servicos.cptec.inpe.br/XML/cidade/244/previsao.xml
2020-12-22 14:46:08,456 — api — INFO — get_data:72 — async mode selected.
2020-12-22 14:47:14,608 — models.cptec — INFO — get_forecast:30 — http://servicos.cptec.inpe.br/XML/cidade/244/previsao.xml
2020-12-22 14:47:14,608 — models.cptec — INFO — get_forecast:30 — http://servicos.cptec.inpe.br/XML/cidade/241/previsao.xml
2020-12-22 14:47:14,610 — api — INFO — get_data:72 — async mode selected.
2020-12-22 14:47:14,892 — __main__ — INFO — <module>:20 — Done
2020-12-23 13:36:44,092 — models.cptec — INFO — get_forecast:30 — http://servicos.cptec.inpe.br/XML/cidade/244/previsao.xml
2020-12-23 13:36:44,092 — models.cptec — INFO — get_forecast:30 — http://servicos.cptec.inpe.br/XML/cidade/241/previsao.xml
2020-12-23 13:36:44,094 — api — INFO — get_data:72 — async mode selected.
2020-12-23 13:36:44,474 — __main__ — INFO — <module>:23 — Done
2020-12-23 13:37:25,440 — models.cptec — INFO — get_forecast:30 — http://servicos.cptec.inpe.br/XML/cidade/244/previsao.xml
2020-12-23 13:37:25,440 — models.cptec — INFO — get_forecast:30 — http://servicos.cptec.inpe.br/XML/cidade/241/previsao.xml
2020-12-23 13:37:25,442 — api — INFO — get_data:72 — async mode selected.
2020-12-23 13:37:25,721 — __main__ — INFO — <module>:23 — Done
2020-12-23 13:37:43,728 — models.cptec — INFO — get_forecast:30 — http://servicos.cptec.inpe.br/XML/cidade/244/previsao.xml
2020-12-23 13:37:43,729 — models.cptec — INFO — get_forecast:30 — http://servicos.cptec.inpe.br/XML/cidade/241/previsao.xml
2020-12-23 13:37:43,731 — api — INFO — get_data:72 — async mode selected.
2020-12-23 13:37:44,037 — __main__ — INFO — <module>:23 — Done
2020-12-23 13:38:14,443 — models.cptec — INFO — get_forecast:30 — http://servicos.cptec.inpe.br/XML/cidade/244/previsao.xml
2020-12-23 13:38:14,443 — models.cptec — INFO — get_forecast:30 — http://servicos.cptec.inpe.br/XML/cidade/241/previsao.xml
2020-12-23 13:38:14,445 — api — INFO — get_data:72 — async mode selected.
2020-12-23 13:38:14,701 — __main__ — INFO — <module>:23 — Done
2020-12-23 14:18:08,865 — models.cptec — INFO — get_forecast:30 — http://servicos.cptec.inpe.br/XML/cidade/244/previsao.xml
2020-12-23 14:18:08,865 — models.cptec — INFO — get_forecast:30 — http://servicos.cptec.inpe.br/XML/cidade/241/previsao.xml
2020-12-23 14:18:08,867 — api — INFO — get_data:72 — async mode selected.
2020-12-23 14:18:09,205 — __main__ — INFO — <module>:23 — Done
2020-12-23 14:19:23,155 — models.cptec — INFO — get_forecast:30 — http://servicos.cptec.inpe.br/XML/cidade/244/previsao.xml
2020-12-23 14:19:23,156 — models.cptec — INFO — get_forecast:30 — http://servicos.cptec.inpe.br/XML/cidade/241/previsao.xml
2020-12-23 14:19:23,157 — api — INFO — get_data:72 — async mode selected.
2020-12-23 14:19:25,498 — models.cptec — INFO — get_forecast:30 — http://servicos.cptec.inpe.br/XML/cidade/244/previsao.xml
2020-12-23 14:19:25,498 — models.cptec — INFO — get_forecast:30 — http://servicos.cptec.inpe.br/XML/cidade/241/previsao.xml
2020-12-23 14:19:25,500 — api — INFO — get_data:72 — async mode selected.
2020-12-23 14:19:53,575 — models.cptec — INFO — get_forecast:30 — http://servicos.cptec.inpe.br/XML/cidade/244/previsao.xml
2020-12-23 14:19:53,575 — models.cptec — INFO — get_forecast:30 — http://servicos.cptec.inpe.br/XML/cidade/241/previsao.xml
2020-12-23 14:19:53,577 — api — INFO — get_data:72 — async mode selected.
2020-12-23 14:23:05,843 — models.cptec — INFO — get_forecast:30 — http://servicos.cptec.inpe.br/XML/cidade/244/previsao.xml
2020-12-23 14:23:05,843 — models.cptec — INFO — get_forecast:30 — http://servicos.cptec.inpe.br/XML/cidade/241/previsao.xml
2020-12-23 14:23:05,845 — api — INFO — get_data:72 — async mode selected.
2020-12-23 19:37:34,292 — models.cptec — INFO — get_forecast:30 — http://servicos.cptec.inpe.br/XML/cidade/244/previsao.xml
2020-12-23 19:37:34,307 — models.cptec — INFO — get_forecast:30 — http://servicos.cptec.inpe.br/XML/cidade/241/previsao.xml
2020-12-23 19:37:34,314 — api — INFO — get_data:156 — async mode selected.
2020-12-23 19:37:34,645 — __main__ — INFO — <module>:23 — Done
2020-12-23 21:03:26,226 — models.cptec — INFO — get_forecast:30 — http://servicos.cptec.inpe.br/XML/cidade/244/previsao.xml
2020-12-23 21:03:26,227 — models.cptec — INFO — get_forecast:30 — http://servicos.cptec.inpe.br/XML/cidade/241/previsao.xml
2020-12-23 21:03:26,232 — core.request_engine — INFO — get_data:156 — async mode selected.
2020-12-23 21:03:26,449 — __main__ — INFO — <module>:24 — Done
2020-12-23 21:18:37,743 — artemis.models.cptec — INFO — get_forecast:30 — http://servicos.cptec.inpe.br/XML/cidade/244/previsao.xml
2020-12-23 21:18:37,745 — artemis.models.cptec — INFO — get_forecast:30 — http://servicos.cptec.inpe.br/XML/cidade/241/previsao.xml
2020-12-23 21:18:37,756 — artemis.core.request_engine — INFO — get_data:156 — async mode selected.
2020-12-23 21:18:38,010 — __main__ — INFO — <module>:24 — Done
2020-12-23 21:23:26,244 — artemis.models.cptec — INFO — get_forecast:30 — http://servicos.cptec.inpe.br/XML/cidade/244/previsao.xml
2020-12-23 21:23:26,248 — artemis.models.cptec — INFO — get_forecast:30 — http://servicos.cptec.inpe.br/XML/cidade/241/previsao.xml
2020-12-23 21:26:08,528 — artemis.models.cptec — INFO — get_forecast:30 — http://servicos.cptec.inpe.br/XML/cidade/244/previsao.xml
2020-12-23 21:26:08,528 — artemis.models.cptec — INFO — get_forecast:30 — http://servicos.cptec.inpe.br/XML/cidade/244/previsao.xml
2020-12-23 21:26:08,535 — artemis.models.cptec — INFO — get_forecast:30 — http://servicos.cptec.inpe.br/XML/cidade/241/previsao.xml
2020-12-23 21:26:08,535 — artemis.models.cptec — INFO — get_forecast:30 — http://servicos.cptec.inpe.br/XML/cidade/241/previsao.xml
2020-12-23 21:26:20,220 — artemis.models.cptec — INFO — get_forecast:30 — http://servicos.cptec.inpe.br/XML/cidade/244/previsao.xml
2020-12-23 21:26:20,220 — artemis.models.cptec — INFO — get_forecast:30 — http://servicos.cptec.inpe.br/XML/cidade/244/previsao.xml
2020-12-23 21:26:20,220 — artemis.models.cptec — INFO — get_forecast:30 — http://servicos.cptec.inpe.br/XML/cidade/244/previsao.xml
2020-12-23 21:26:20,231 — artemis.models.cptec — INFO — get_forecast:30 — http://servicos.cptec.inpe.br/XML/cidade/241/previsao.xml
2020-12-23 21:26:20,231 — artemis.models.cptec — INFO — get_forecast:30 — http://servicos.cptec.inpe.br/XML/cidade/241/previsao.xml
2020-12-23 21:26:20,231 — artemis.models.cptec — INFO — get_forecast:30 — http://servicos.cptec.inpe.br/XML/cidade/241/previsao.xml
2020-12-23 21:28:09,874 — artemis.models.cptec — INFO — get_forecast:30 — http://servicos.cptec.inpe.br/XML/cidade/244/previsao.xml
2020-12-23 21:28:09,879 — artemis.models.cptec — INFO — get_forecast:30 — http://servicos.cptec.inpe.br/XML/cidade/241/previsao.xml
2020-12-23 21:33:35,335 — artemis.models.cptec — INFO — get_forecast:30 — http://servicos.cptec.inpe.br/XML/cidade/244/previsao.xml
2020-12-23 21:33:35,335 — artemis.models.cptec — INFO — get_forecast:30 — http://servicos.cptec.inpe.br/XML/cidade/244/previsao.xml
2020-12-23 21:33:35,344 — artemis.models.cptec — INFO — get_forecast:30 — http://servicos.cptec.inpe.br/XML/cidade/241/previsao.xml
2020-12-23 21:33:35,344 — artemis.models.cptec — INFO — get_forecast:30 — http://servicos.cptec.inpe.br/XML/cidade/241/previsao.xml
2020-12-23 21:34:06,758 — artemis.models.cptec — INFO — get_forecast:30 — http://servicos.cptec.inpe.br/XML/cidade/244/previsao.xml
2020-12-23 21:34:06,758 — artemis.models.cptec — INFO — get_forecast:30 — http://servicos.cptec.inpe.br/XML/cidade/244/previsao.xml
2020-12-23 21:34:06,758 — artemis.models.cptec — INFO — get_forecast:30 — http://servicos.cptec.inpe.br/XML/cidade/244/previsao.xml
2020-12-23 21:34:06,772 — artemis.models.cptec — INFO — get_forecast:30 — http://servicos.cptec.inpe.br/XML/cidade/241/previsao.xml
2020-12-23 21:34:06,772 — artemis.models.cptec — INFO — get_forecast:30 — http://servicos.cptec.inpe.br/XML/cidade/241/previsao.xml
2020-12-23 21:34:06,772 — artemis.models.cptec — INFO — get_forecast:30 — http://servicos.cptec.inpe.br/XML/cidade/241/previsao.xml
2020-12-23 21:42:26,412 — artemis.models.cptec — INFO — get_forecast:30 — http://servicos.cptec.inpe.br/XML/cidade/244/previsao.xml
2020-12-23 21:42:26,412 — artemis.models.cptec — INFO — get_forecast:30 — http://servicos.cptec.inpe.br/XML/cidade/244/previsao.xml
2020-12-23 21:42:26,412 — artemis.models.cptec — INFO — get_forecast:30 — http://servicos.cptec.inpe.br/XML/cidade/244/previsao.xml
2020-12-23 21:42:26,412 — artemis.models.cptec — INFO — get_forecast:30 — http://servicos.cptec.inpe.br/XML/cidade/244/previsao.xml
2020-12-23 21:42:26,425 — artemis.models.cptec — INFO — get_forecast:30 — http://servicos.cptec.inpe.br/XML/cidade/241/previsao.xml
2020-12-23 21:42:26,425 — artemis.models.cptec — INFO — get_forecast:30 — http://servicos.cptec.inpe.br/XML/cidade/241/previsao.xml
2020-12-23 21:42:26,425 — artemis.models.cptec — INFO — get_forecast:30 — http://servicos.cptec.inpe.br/XML/cidade/241/previsao.xml
2020-12-23 21:42:26,425 — artemis.models.cptec — INFO — get_forecast:30 — http://servicos.cptec.inpe.br/XML/cidade/241/previsao.xml
2020-12-23 21:43:05,618 — artemis.models.cptec — INFO — get_forecast:30 — http://servicos.cptec.inpe.br/XML/cidade/244/previsao.xml
2020-12-23 21:43:05,618 — artemis.models.cptec — INFO — get_forecast:30 — http://servicos.cptec.inpe.br/XML/cidade/244/previsao.xml
2020-12-23 21:43:05,618 — artemis.models.cptec — INFO — get_forecast:30 — http://servicos.cptec.inpe.br/XML/cidade/244/previsao.xml
2020-12-23 21:43:05,618 — artemis.models.cptec — INFO — get_forecast:30 — http://servicos.cptec.inpe.br/XML/cidade/244/previsao.xml
2020-12-23 21:43:05,618 — artemis.models.cptec — INFO — get_forecast:30 — http://servicos.cptec.inpe.br/XML/cidade/244/previsao.xml
2020-12-23 21:43:05,645 — artemis.models.cptec — INFO — get_forecast:30 — http://servicos.cptec.inpe.br/XML/cidade/241/previsao.xml
2020-12-23 21:43:05,645 — artemis.models.cptec — INFO — get_forecast:30 — http://servicos.cptec.inpe.br/XML/cidade/241/previsao.xml
2020-12-23 21:43:05,645 — artemis.models.cptec — INFO — get_forecast:30 — http://servicos.cptec.inpe.br/XML/cidade/241/previsao.xml
2020-12-23 21:43:05,645 — artemis.models.cptec — INFO — get_forecast:30 — http://servicos.cptec.inpe.br/XML/cidade/241/previsao.xml
2020-12-23 21:43:05,645 — artemis.models.cptec — INFO — get_forecast:30 — http://servicos.cptec.inpe.br/XML/cidade/241/previsao.xml
2020-12-23 21:43:46,204 — artemis.models.cptec — INFO — get_forecast:30 — http://servicos.cptec.inpe.br/XML/cidade/244/previsao.xml
2020-12-23 21:43:46,204 — artemis.models.cptec — INFO — get_forecast:30 — http://servicos.cptec.inpe.br/XML/cidade/244/previsao.xml
2020-12-23 21:43:46,204 — artemis.models.cptec — INFO — get_forecast:30 — http://servicos.cptec.inpe.br/XML/cidade/244/previsao.xml
2020-12-23 21:43:46,204 — artemis.models.cptec — INFO — get_forecast:30 — http://servicos.cptec.inpe.br/XML/cidade/244/previsao.xml
2020-12-23 21:43:46,204 — artemis.models.cptec — INFO — get_forecast:30 — http://servicos.cptec.inpe.br/XML/cidade/244/previsao.xml
2020-12-23 21:43:46,204 — artemis.models.cptec — INFO — get_forecast:30 — http://servicos.cptec.inpe.br/XML/cidade/244/previsao.xml
2020-12-23 21:43:46,239 — artemis.models.cptec — INFO — get_forecast:30 — http://servicos.cptec.inpe.br/XML/cidade/241/previsao.xml
2020-12-23 21:43:46,239 — artemis.models.cptec — INFO — get_forecast:30 — http://servicos.cptec.inpe.br/XML/cidade/241/previsao.xml
2020-12-23 21:43:46,239 — artemis.models.cptec — INFO — get_forecast:30 — http://servicos.cptec.inpe.br/XML/cidade/241/previsao.xml
2020-12-23 21:43:46,239 — artemis.models.cptec — INFO — get_forecast:30 — http://servicos.cptec.inpe.br/XML/cidade/241/previsao.xml
2020-12-23 21:43:46,239 — artemis.models.cptec — INFO — get_forecast:30 — http://servicos.cptec.inpe.br/XML/cidade/241/previsao.xml
2020-12-23 21:43:46,239 — artemis.models.cptec — INFO — get_forecast:30 — http://servicos.cptec.inpe.br/XML/cidade/241/previsao.xml
2020-12-23 21:45:09,959 — artemis.models.cptec — INFO — get_forecast:30 — http://servicos.cptec.inpe.br/XML/cidade/244/previsao.xml
2020-12-23 21:45:09,959 — artemis.models.cptec — INFO — get_forecast:30 — http://servicos.cptec.inpe.br/XML/cidade/244/previsao.xml
2020-12-23 21:45:09,959 — artemis.models.cptec — INFO — get_forecast:30 — http://servicos.cptec.inpe.br/XML/cidade/244/previsao.xml
2020-12-23 21:45:09,959 — artemis.models.cptec — INFO — get_forecast:30 — http://servicos.cptec.inpe.br/XML/cidade/244/previsao.xml
2020-12-23 21:45:09,959 — artemis.models.cptec — INFO — get_forecast:30 — http://servicos.cptec.inpe.br/XML/cidade/244/previsao.xml
2020-12-23 21:45:09,959 — artemis.models.cptec — INFO — get_forecast:30 — http://servicos.cptec.inpe.br/XML/cidade/244/previsao.xml
2020-12-23 21:45:09,959 — artemis.models.cptec — INFO — get_forecast:30 — http://servicos.cptec.inpe.br/XML/cidade/244/previsao.xml
2020-12-23 21:45:10,046 — artemis.models.cptec — INFO — get_forecast:30 — http://servicos.cptec.inpe.br/XML/cidade/241/previsao.xml
2020-12-23 21:45:10,046 — artemis.models.cptec — INFO — get_forecast:30 — http://servicos.cptec.inpe.br/XML/cidade/241/previsao.xml
2020-12-23 21:45:10,046 — artemis.models.cptec — INFO — get_forecast:30 — http://servicos.cptec.inpe.br/XML/cidade/241/previsao.xml
2020-12-23 21:45:10,046 — artemis.models.cptec — INFO — get_forecast:30 — http://servicos.cptec.inpe.br/XML/cidade/241/previsao.xml
2020-12-23 21:45:10,046 — artemis.models.cptec — INFO — get_forecast:30 — http://servicos.cptec.inpe.br/XML/cidade/241/previsao.xml
2020-12-23 21:45:10,046 — artemis.models.cptec — INFO — get_forecast:30 — http://servicos.cptec.inpe.br/XML/cidade/241/previsao.xml
2020-12-23 21:45:10,046 — artemis.models.cptec — INFO — get_forecast:30 — http://servicos.cptec.inpe.br/XML/cidade/241/previsao.xml
2020-12-23 21:45:10,123 — artemis.core.request_engine — INFO — get_data:156 — async mode selected.
2020-12-23 21:45:10,123 — artemis.core.request_engine — INFO — get_data:156 — async mode selected.
2020-12-23 21:45:10,123 — artemis.core.request_engine — INFO — get_data:156 — async mode selected.
2020-12-23 21:45:10,123 — artemis.core.request_engine — INFO — get_data:156 — async mode selected.
2020-12-23 21:45:10,123 — artemis.core.request_engine — INFO — get_data:156 — async mode selected.
2020-12-23 21:45:10,123 — artemis.core.request_engine — INFO — get_data:156 — async mode selected.
2020-12-23 21:45:10,123 — artemis.core.request_engine — INFO — get_data:156 — async mode selected.
2020-12-23 21:45:11,059 — __main__ — INFO — <module>:24 — Done
2020-12-23 21:45:11,059 — __main__ — INFO — <module>:24 — Done
2020-12-23 21:45:11,059 — __main__ — INFO — <module>:24 — Done
2020-12-23 21:45:11,059 — __main__ — INFO — <module>:24 — Done
2020-12-23 21:45:11,059 — __main__ — INFO — <module>:24 — Done
2020-12-23 21:45:11,059 — __main__ — INFO — <module>:24 — Done
2020-12-23 21:45:11,059 — __main__ — INFO — <module>:24 — Done
2020-12-23 22:59:43,876 — artemis.models.cptec — INFO — get_forecast:30 — http://servicos.cptec.inpe.br/XML/cidade/244/previsao.xml
2020-12-23 22:59:43,878 — artemis.models.cptec — INFO — get_forecast:30 — http://servicos.cptec.inpe.br/XML/cidade/241/previsao.xml
2020-12-23 22:59:43,884 — artemis.core.request_engine — INFO — get_data:157 — async mode selected.
2020-12-23 22:59:44,277 — artemis.core.request_engine — ERROR — async_request:129 — Ops Something Else: 'bytes' object has no attribute 'json'
2020-12-23 22:59:44,279 — artemis.core.request_engine — ERROR — get_data:174 — Error: 'bytes' object has no attribute 'json'
2020-12-23 22:59:44,402 — artemis.core.request_engine — ERROR — async_request:129 — Ops Something Else: 'bytes' object has no attribute 'json'
2020-12-23 23:20:40,284 — artemis.models.cptec — INFO — get_forecast:30 — http://servicos.cptec.inpe.br/XML/cidade/244/previsao.xml
2020-12-23 23:20:40,285 — artemis.models.cptec — INFO — get_forecast:30 — http://servicos.cptec.inpe.br/XML/cidade/241/previsao.xml
2020-12-23 23:20:40,291 — artemis.core.request_engine — INFO — get_data:159 — async mode selected.
2020-12-23 23:20:40,513 — artemis.core.request_engine — ERROR — async_request:131 — Ops Something Else: 'module' object is not callable
2020-12-23 23:20:40,516 — artemis.core.request_engine — ERROR — get_data:176 — Error: 'module' object is not callable
2020-12-23 23:20:40,647 — artemis.core.request_engine — ERROR — async_request:131 — Ops Something Else: 'module' object is not callable
2020-12-23 23:21:34,007 — artemis.models.cptec — INFO — get_forecast:30 — http://servicos.cptec.inpe.br/XML/cidade/244/previsao.xml
2020-12-23 23:21:34,009 — artemis.models.cptec — INFO — get_forecast:30 — http://servicos.cptec.inpe.br/XML/cidade/241/previsao.xml
2020-12-23 23:21:34,013 — artemis.core.request_engine — INFO — get_data:159 — async mode selected.
2020-12-23 23:21:34,136 — artemis.core.request_engine — ERROR — async_request:131 — Ops Something Else: 'module' object is not callable
2020-12-23 23:21:34,138 — artemis.core.request_engine — ERROR — get_data:176 — Error: 'module' object is not callable
2020-12-23 23:21:34,265 — artemis.core.request_engine — ERROR — async_request:131 — Ops Something Else: 'module' object is not callable
2020-12-23 23:23:27,861 — artemis.models.cptec — INFO — get_forecast:30 — http://servicos.cptec.inpe.br/XML/cidade/244/previsao.xml
2020-12-23 23:23:27,862 — artemis.models.cptec — INFO — get_forecast:30 — http://servicos.cptec.inpe.br/XML/cidade/241/previsao.xml
2020-12-23 23:23:27,867 — artemis.core.request_engine — INFO — get_data:159 — async mode selected.
2020-12-23 23:23:28,073 — artemis.core.request_engine — ERROR — async_request:131 — Ops Something Else: 'utf-8' codec can't decode byte 0xe3 in position 58: invalid continuation byte
2020-12-23 23:23:28,077 — artemis.core.request_engine — ERROR — get_data:176 — Error: 'utf-8' codec can't decode byte 0xe3 in position 58: invalid continuation byte
2020-12-23 23:27:06,854 — artemis.models.cptec — INFO — get_forecast:30 — http://servicos.cptec.inpe.br/XML/cidade/244/previsao.xml
2020-12-23 23:27:06,855 — artemis.models.cptec — INFO — get_forecast:30 — http://servicos.cptec.inpe.br/XML/cidade/241/previsao.xml
2020-12-23 23:27:06,859 — artemis.core.request_engine — INFO — get_data:159 — async mode selected.
2020-12-23 23:27:08,351 — artemis.core.request_engine — ERROR — async_request:131 — Ops Something Else: Expecting value: line 1 column 1 (char 0)
2020-12-23 23:27:08,353 — artemis.core.request_engine — ERROR — get_data:176 — Error: Expecting value: line 1 column 1 (char 0)
2020-12-23 23:28:59,095 — artemis.models.cptec — INFO — get_forecast:30 — http://servicos.cptec.inpe.br/XML/cidade/244/previsao.xml
2020-12-23 23:28:59,096 — artemis.models.cptec — INFO — get_forecast:30 — http://servicos.cptec.inpe.br/XML/cidade/241/previsao.xml
2020-12-23 23:28:59,099 — artemis.core.request_engine — INFO — get_data:159 — async mode selected.
2020-12-23 23:29:00,483 — artemis.core.request_engine — ERROR — async_request:131 — Ops Something Else: 'utf-8' codec can't decode byte 0xe3 in position 58: invalid continuation byte
2020-12-23 23:29:00,487 — artemis.core.request_engine — ERROR — get_data:176 — Error: 'utf-8' codec can't decode byte 0xe3 in position 58: invalid continuation byte
2020-12-23 23:30:09,699 — artemis.models.cptec — INFO — get_forecast:30 — http://servicos.cptec.inpe.br/XML/cidade/244/previsao.xml
2020-12-23 23:30:09,700 — artemis.models.cptec — INFO — get_forecast:30 — http://servicos.cptec.inpe.br/XML/cidade/241/previsao.xml
2020-12-23 23:30:09,703 — artemis.core.request_engine — INFO — get_data:159 — async mode selected.
2020-12-23 23:30:37,094 — artemis.models.cptec — INFO — get_forecast:30 — http://servicos.cptec.inpe.br/XML/cidade/244/previsao.xml
2020-12-23 23:30:37,094 — artemis.models.cptec — INFO — get_forecast:30 — http://servicos.cptec.inpe.br/XML/cidade/244/previsao.xml
2020-12-23 23:30:37,098 — artemis.models.cptec — INFO — get_forecast:30 — http://servicos.cptec.inpe.br/XML/cidade/241/previsao.xml
2020-12-23 23:30:37,098 — artemis.models.cptec — INFO — get_forecast:30 — http://servicos.cptec.inpe.br/XML/cidade/241/previsao.xml
2020-12-23 23:30:37,108 — artemis.core.request_engine — INFO — get_data:159 — async mode selected.
2020-12-23 23:30:37,108 — artemis.core.request_engine — INFO — get_data:159 — async mode selected.
2020-12-23 23:30:38,380 — __main__ — INFO — <module>:21 — Done
2020-12-23 23:30:38,380 — __main__ — INFO — <module>:21 — Done
2020-12-23 23:31:37,811 — artemis.models.cptec — INFO — get_forecast:30 — http://servicos.cptec.inpe.br/XML/cidade/244/previsao.xml
2020-12-23 23:31:37,812 — artemis.models.cptec — INFO — get_forecast:30 — http://servicos.cptec.inpe.br/XML/cidade/241/previsao.xml
2020-12-23 23:31:37,817 — artemis.core.request_engine — INFO — get_data:159 — async mode selected.
2020-12-23 23:31:37,988 — __main__ — INFO — <module>:21 — Done
2020-12-23 23:34:37,115 — artemis.models.cptec — INFO — get_forecast:30 — http://servicos.cptec.inpe.br/XML/cidade/244/previsao.xml
2020-12-23 23:34:37,116 — artemis.models.cptec — INFO — get_forecast:30 — http://servicos.cptec.inpe.br/XML/cidade/241/previsao.xml
2020-12-23 23:34:37,121 — artemis.core.request_engine — INFO — get_data:159 — async mode selected.
2020-12-23 23:34:37,377 — artemis.core.request_engine — WARNING — async_request:108 — Warning: 'bytes' object has no attribute 'json', trying to convert to json
2020-12-23 23:34:37,386 — artemis.core.request_engine — WARNING — async_request:108 — Warning: 'bytes' object has no attribute 'json', trying to convert to json
2020-12-23 23:34:37,388 — __main__ — INFO — <module>:21 — Done
2020-12-23 23:35:34,142 — artemis.models.cptec — INFO — get_forecast:30 — http://servicos.cptec.inpe.br/XML/cidade/244/previsao.xml
2020-12-23 23:35:34,142 — artemis.models.cptec — INFO — get_forecast:30 — http://servicos.cptec.inpe.br/XML/cidade/241/previsao.xml
2020-12-23 23:35:34,146 — artemis.core.request_engine — INFO — get_data:159 — async mode selected.
2020-12-23 23:35:34,578 — artemis.core.request_engine — WARNING — async_request:108 — Warning: 'bytes' object has no attribute 'json', trying to convert to json
2020-12-23 23:35:34,581 — artemis.core.request_engine — WARNING — async_request:108 — Warning: 'bytes' object has no attribute 'json', trying to convert to json
2020-12-23 23:37:49,674 — artemis.models.cptec — INFO — get_forecast:30 — http://servicos.cptec.inpe.br/XML/cidade/244/previsao.xml
2020-12-23 23:37:49,675 — artemis.models.cptec — INFO — get_forecast:30 — http://servicos.cptec.inpe.br/XML/cidade/241/previsao.xml
2020-12-23 23:37:49,679 — artemis.core.request_engine — INFO — get_data:161 — async mode selected.
2020-12-23 23:37:50,016 — artemis.core.request_engine — WARNING — async_request:109 — Warning: 'bytes' object has no attribute 'json', trying to convert to json
2020-12-23 23:37:50,026 — artemis.core.request_engine — WARNING — async_request:109 — Warning: 'bytes' object has no attribute 'json', trying to convert to json
2020-12-23 23:40:26,680 — artemis.models.cptec — INFO — get_forecast:30 — http://servicos.cptec.inpe.br/XML/cidade/244/previsao.xml
2020-12-23 23:40:26,681 — artemis.models.cptec — INFO — get_forecast:30 — http://servicos.cptec.inpe.br/XML/cidade/241/previsao.xml
2020-12-23 23:40:26,686 — artemis.core.request_engine — INFO — get_data:165 — async mode selected.
2020-12-23 23:40:27,719 — artemis.core.request_engine — WARNING — async_request:113 — Warning: 'bytes' object has no attribute 'json', returning response as it is
2020-12-23 23:40:27,734 — artemis.core.request_engine — WARNING — async_request:113 — Warning: 'bytes' object has no attribute 'json', returning response as it is
2020-12-23 23:40:27,742 — __main__ — INFO — <module>:24 — Done
2020-12-24 00:03:38,385 — artemis.models.cptec — INFO — get_forecast:30 — http://servicos.cptec.inpe.br/XML/cidade/244/previsao.xml
2020-12-24 00:03:38,386 — artemis.models.cptec — INFO — get_forecast:30 — http://servicos.cptec.inpe.br/XML/cidade/241/previsao.xml
2020-12-24 00:03:38,391 — artemis.core.request_engine — INFO — get_data:166 — async mode selected.
2020-12-24 00:03:39,604 — artemis.core.request_engine — WARNING — async_request:114 — Warning: 'bytes' object has no attribute 'json', returning response as it is
2020-12-24 00:03:39,615 — artemis.core.request_engine — WARNING — async_request:114 — Warning: 'bytes' object has no attribute 'json', returning response as it is
2020-12-24 00:05:22,675 — artemis.models.cptec — INFO — get_forecast:30 — http://servicos.cptec.inpe.br/XML/cidade/244/previsao.xml
2020-12-24 00:05:22,676 — artemis.models.cptec — INFO — get_forecast:30 — http://servicos.cptec.inpe.br/XML/cidade/241/previsao.xml
2020-12-24 00:05:22,680 — artemis.core.request_engine — INFO — get_data:166 — async mode selected.
2020-12-24 00:05:24,527 — artemis.core.request_engine — WARNING — async_request:114 — Warning: 'bytes' object has no attribute 'json', returning response as it is
2020-12-24 00:05:24,554 — artemis.core.request_engine — WARNING — async_request:114 — Warning: 'bytes' object has no attribute 'json', returning response as it is
2020-12-24 00:05:24,560 — __main__ — INFO — <module>:24 — Done
2020-12-24 00:05:38,471 — artemis.models.cptec — INFO — get_forecast:30 — http://servicos.cptec.inpe.br/XML/cidade/244/previsao.xml
2020-12-24 00:05:38,471 — artemis.models.cptec — INFO — get_forecast:30 — http://servicos.cptec.inpe.br/XML/cidade/244/previsao.xml
2020-12-24 00:05:38,474 — artemis.models.cptec — INFO — get_forecast:30 — http://servicos.cptec.inpe.br/XML/cidade/241/previsao.xml
2020-12-24 00:05:38,474 — artemis.models.cptec — INFO — get_forecast:30 — http://servicos.cptec.inpe.br/XML/cidade/241/previsao.xml
2020-12-24 00:05:38,481 — artemis.core.request_engine — INFO — get_data:166 — async mode selected.
2020-12-24 00:05:38,481 — artemis.core.request_engine — INFO — get_data:166 — async mode selected.
2020-12-24 00:05:40,227 — artemis.core.request_engine — WARNING — async_request:114 — Warning: 'bytes' object has no attribute 'json', returning response as it is
2020-12-24 00:05:40,227 — artemis.core.request_engine — WARNING — async_request:114 — Warning: 'bytes' object has no attribute 'json', returning response as it is
2020-12-24 00:05:40,236 — artemis.core.request_engine — WARNING — async_request:114 — Warning: 'bytes' object has no attribute 'json', returning response as it is
2020-12-24 00:05:40,236 — artemis.core.request_engine — WARNING — async_request:114 — Warning: 'bytes' object has no attribute 'json', returning response as it is
2020-12-24 00:05:40,248 — __main__ — INFO — <module>:24 — Done
2020-12-24 00:05:40,248 — __main__ — INFO — <module>:24 — Done
2020-12-24 00:15:40,318 — artemis.models.cptec — INFO — get_forecast:30 — http://servicos.cptec.inpe.br/XML/cidade/244/previsao.xml
2020-12-24 00:15:40,318 — artemis.models.cptec — INFO — get_forecast:30 — http://servicos.cptec.inpe.br/XML/cidade/244/previsao.xml
2020-12-24 00:15:40,318 — artemis.models.cptec — INFO — get_forecast:30 — http://servicos.cptec.inpe.br/XML/cidade/244/previsao.xml
2020-12-24 00:15:40,321 — artemis.models.cptec — INFO — get_forecast:30 — http://servicos.cptec.inpe.br/XML/cidade/241/previsao.xml
2020-12-24 00:15:40,321 — artemis.models.cptec — INFO — get_forecast:30 — http://servicos.cptec.inpe.br/XML/cidade/241/previsao.xml
2020-12-24 00:15:40,321 — artemis.models.cptec — INFO — get_forecast:30 — http://servicos.cptec.inpe.br/XML/cidade/241/previsao.xml
2020-12-24 00:15:40,329 — artemis.core.request_engine — INFO — get_data:166 — async mode selected.
2020-12-24 00:15:40,329 — artemis.core.request_engine — INFO — get_data:166 — async mode selected.
2020-12-24 00:15:40,329 — artemis.core.request_engine — INFO — get_data:166 — async mode selected.
2020-12-24 00:15:41,011 — artemis.core.request_engine — WARNING — async_request:114 — Warning: 'bytes' object has no attribute 'json', returning response as it is
2020-12-24 00:15:41,011 — artemis.core.request_engine — WARNING — async_request:114 — Warning: 'bytes' object has no attribute 'json', returning response as it is
2020-12-24 00:15:41,011 — artemis.core.request_engine — WARNING — async_request:114 — Warning: 'bytes' object has no attribute 'json', returning response as it is
2020-12-24 00:15:41,023 — artemis.core.request_engine — WARNING — async_request:114 — Warning: 'bytes' object has no attribute 'json', returning response as it is
2020-12-24 00:15:41,023 — artemis.core.request_engine — WARNING — async_request:114 — Warning: 'bytes' object has no attribute 'json', returning response as it is
2020-12-24 00:15:41,023 — artemis.core.request_engine — WARNING — async_request:114 — Warning: 'bytes' object has no attribute 'json', returning response as it is
2020-12-24 00:15:41,036 — __main__ — INFO — <module>:24 — Done
2020-12-24 00:15:41,036 — __main__ — INFO — <module>:24 — Done
2020-12-24 00:15:41,036 — __main__ — INFO — <module>:24 — Done
2020-12-24 00:50:42,635 — artemis.models.cptec — INFO — get_forecast:30 — http://servicos.cptec.inpe.br/XML/cidade/244/previsao.xml
2020-12-24 00:50:42,639 — artemis.models.cptec — INFO — get_forecast:30 — http://servicos.cptec.inpe.br/XML/cidade/241/previsao.xml
2020-12-24 00:50:42,651 — artemis.core.request_engine — INFO — get_data:167 — async mode selected.
2020-12-24 00:50:42,997 — artemis.core.request_engine — WARNING — async_request:115 — Warning: 'bytes' object has no attribute 'json', returning response as it is
2020-12-24 00:50:43,002 — artemis.core.request_engine — WARNING — async_request:115 — Warning: 'bytes' object has no attribute 'json', returning response as it is
2020-12-24 00:50:43,015 — __main__ — INFO — <module>:24 — Done
2020-12-24 04:07:12,481 — artemis.models.cptec — INFO — get_forecast:30 — http://servicos.cptec.inpe.br/XML/cidade/244/previsao.xml
2020-12-24 04:07:12,486 — artemis.models.cptec — INFO — get_forecast:30 — http://servicos.cptec.inpe.br/XML/cidade/241/previsao.xml
2020-12-24 04:07:12,498 — artemis.core.request_engine — INFO — get_data:167 — async mode selected.
2020-12-24 04:07:13,766 — artemis.core.request_engine — WARNING — async_request:115 — Warning: 'bytes' object has no attribute 'json', returning response as it is
2020-12-24 04:07:13,776 — artemis.core.request_engine — WARNING — async_request:115 — Warning: 'bytes' object has no attribute 'json', returning response as it is
2020-12-24 04:07:13,827 — __main__ — INFO — <module>:24 — Done
2020-12-24 04:08:49,461 — artemis.models.cptec — INFO — get_forecast:30 — http://servicos.cptec.inpe.br/XML/cidade/244/previsao.xml
2020-12-24 04:08:49,465 — artemis.models.cptec — INFO — get_forecast:30 — http://servicos.cptec.inpe.br/XML/cidade/241/previsao.xml
2020-12-24 04:08:49,481 — artemis.core.request_engine — INFO — get_data:167 — async mode selected.
2020-12-24 04:08:49,809 — artemis.core.request_engine — WARNING — async_request:115 — Warning: 'bytes' object has no attribute 'json', returning response as it is
2020-12-24 04:08:49,819 — artemis.core.request_engine — WARNING — async_request:115 — Warning: 'bytes' object has no attribute 'json', returning response as it is
2020-12-24 04:08:49,865 — __main__ — INFO — <module>:24 — Done
2020-12-24 04:09:32,710 — artemis.models.cptec — INFO — get_forecast:30 — http://servicos.cptec.inpe.br/XML/cidade/244/previsao.xml
2020-12-24 04:09:32,710 — artemis.models.cptec — INFO — get_forecast:30 — http://servicos.cptec.inpe.br/XML/cidade/244/previsao.xml
2020-12-24 04:09:32,719 — artemis.models.cptec — INFO — get_forecast:30 — http://servicos.cptec.inpe.br/XML/cidade/241/previsao.xml
2020-12-24 04:09:32,719 — artemis.models.cptec — INFO — get_forecast:30 — http://servicos.cptec.inpe.br/XML/cidade/241/previsao.xml
2020-12-24 04:09:32,747 — artemis.core.request_engine — INFO — get_data:167 — async mode selected.
2020-12-24 04:09:32,747 — artemis.core.request_engine — INFO — get_data:167 — async mode selected.
2020-12-24 04:09:34,037 — artemis.core.request_engine — WARNING — async_request:115 — Warning: 'bytes' object has no attribute 'json', returning response as it is
2020-12-24 04:09:34,037 — artemis.core.request_engine — WARNING — async_request:115 — Warning: 'bytes' object has no attribute 'json', returning response as it is
2020-12-24 04:09:34,054 — artemis.core.request_engine — WARNING — async_request:115 — Warning: 'bytes' object has no attribute 'json', returning response as it is
2020-12-24 04:09:34,054 — artemis.core.request_engine — WARNING — async_request:115 — Warning: 'bytes' object has no attribute 'json', returning response as it is
2020-12-24 04:09:34,073 — __main__ — INFO — <module>:24 — Done
2020-12-24 04:09:34,073 — __main__ — INFO — <module>:24 — Done
2020-12-24 04:11:05,679 — artemis.models.cptec — INFO — get_forecast:30 — http://servicos.cptec.inpe.br/XML/cidade/244/previsao.xml
2020-12-24 04:11:05,683 — artemis.models.cptec — INFO — get_forecast:30 — http://servicos.cptec.inpe.br/XML/cidade/241/previsao.xml
2020-12-24 04:11:05,698 — artemis.core.request_engine — INFO — get_data:167 — async mode selected.
2020-12-24 04:11:06,883 — artemis.core.request_engine — WARNING — async_request:115 — Warning: 'bytes' object has no attribute 'json', returning response as it is
2020-12-24 04:11:06,892 — artemis.core.request_engine — WARNING — async_request:115 — Warning: 'bytes' object has no attribute 'json', returning response as it is
2020-12-24 04:11:06,901 — __main__ — INFO — <module>:24 — Done
2020-12-24 07:50:57,015 — artemis.models.cptec — INFO — get_forecast:30 — http://servicos.cptec.inpe.br/XML/cidade/244/previsao.xml
2020-12-24 07:50:57,019 — artemis.models.cptec — INFO — get_forecast:30 — http://servicos.cptec.inpe.br/XML/cidade/241/previsao.xml
2020-12-24 07:50:57,030 — artemis.core.request_engine — INFO — get_data:167 — async mode selected.
2020-12-24 07:50:57,325 — artemis.core.request_engine — WARNING — async_request:115 — Warning: 'bytes' object has no attribute 'json', returning response as it is
2020-12-24 07:50:57,336 — artemis.core.request_engine — WARNING — async_request:115 — Warning: 'bytes' object has no attribute 'json', returning response as it is
2020-12-24 07:50:57,346 — __main__ — INFO — <module>:24 — Done
2020-12-24 07:51:42,154 — artemis.models.cptec — INFO — get_forecast:30 — http://servicos.cptec.inpe.br/XML/cidade/244/previsao.xml
2020-12-24 07:51:42,154 — artemis.models.cptec — INFO — get_forecast:30 — http://servicos.cptec.inpe.br/XML/cidade/244/previsao.xml
2020-12-24 07:51:42,164 — artemis.models.cptec — INFO — get_forecast:30 — http://servicos.cptec.inpe.br/XML/cidade/241/previsao.xml
2020-12-24 07:51:42,164 — artemis.models.cptec — INFO — get_forecast:30 — http://servicos.cptec.inpe.br/XML/cidade/241/previsao.xml
2020-12-24 07:51:42,189 — artemis.core.request_engine — INFO — get_data:167 — async mode selected.
2020-12-24 07:51:42,189 — artemis.core.request_engine — INFO — get_data:167 — async mode selected.
2020-12-24 07:51:42,440 — artemis.core.request_engine — WARNING — async_request:115 — Warning: 'bytes' object has no attribute 'json', returning response as it is
2020-12-24 07:51:42,440 — artemis.core.request_engine — WARNING — async_request:115 — Warning: 'bytes' object has no attribute 'json', returning response as it is
2020-12-24 07:51:42,465 — artemis.core.request_engine — WARNING — async_request:115 — Warning: 'bytes' object has no attribute 'json', returning response as it is
2020-12-24 07:51:42,465 — artemis.core.request_engine — WARNING — async_request:115 — Warning: 'bytes' object has no attribute 'json', returning response as it is
2020-12-24 07:51:42,497 — __main__ — INFO — <module>:24 — Done
2020-12-24 07:51:42,497 — __main__ — INFO — <module>:24 — Done
2020-12-24 07:59:49,732 — artemis.models.cptec — INFO — get_forecast:30 — http://servicos.cptec.inpe.br/XML/cidade/244/previsao.xml
2020-12-24 07:59:49,735 — artemis.models.cptec — INFO — get_forecast:30 — http://servicos.cptec.inpe.br/XML/cidade/241/previsao.xml
2020-12-24 07:59:49,745 — artemis.core.request_engine — INFO — get_data:168 — async mode selected.
2020-12-24 07:59:49,976 — artemis.core.request_engine — WARNING — async_request:116 — Warning: 'bytes' object has no attribute 'json', returning response as it is
2020-12-24 07:59:49,985 — artemis.core.request_engine — WARNING — async_request:116 — Warning: 'bytes' object has no attribute 'json', returning response as it is
2020-12-24 07:59:49,991 — __main__ — INFO — <module>:24 — Done
2020-12-24 08:00:50,550 — artemis.models.cptec — INFO — get_forecast:30 — http://servicos.cptec.inpe.br/XML/cidade/244/previsao.xml
2020-12-24 08:00:50,556 — artemis.models.cptec — INFO — get_forecast:30 — http://servicos.cptec.inpe.br/XML/cidade/241/previsao.xml
2020-12-24 08:00:50,563 — artemis.core.request_engine — INFO — get_data:168 — async mode selected.
2020-12-24 08:00:51,069 — artemis.core.request_engine — WARNING — async_request:116 — Warning: 'bytes' object has no attribute 'json', returning response as it is
2020-12-24 08:00:51,076 — artemis.core.request_engine — WARNING — async_request:116 — Warning: 'bytes' object has no attribute 'json', returning response as it is
2020-12-24 08:00:51,085 — __main__ — INFO — <module>:24 — Done
2020-12-26 11:24:14,029 — artemis.models.cptec — INFO — get_forecast:30 — http://servicos.cptec.inpe.br/XML/cidade/244/previsao.xml
2020-12-26 11:24:14,131 — artemis.models.cptec — INFO — get_forecast:30 — http://servicos.cptec.inpe.br/XML/cidade/241/previsao.xml
2020-12-26 11:24:14,140 — artemis.core.request_engine — INFO — get_data:168 — async mode selected.
2020-12-26 11:24:14,430 — artemis.core.request_engine — WARNING — async_request:116 — Warning: 'bytes' object has no attribute 'json', returning response as it is
2020-12-26 11:24:14,445 — artemis.core.request_engine — WARNING — async_request:116 — Warning: 'bytes' object has no attribute 'json', returning response as it is
2020-12-26 11:24:14,451 — __main__ — INFO — <module>:24 — Done
2020-12-26 11:28:22,501 — artemis.models.cptec — INFO — get_forecast:30 — http://servicos.cptec.inpe.br/XML/cidade/244/previsao.xml
2020-12-26 11:28:22,504 — artemis.models.cptec — INFO — get_forecast:30 — http://servicos.cptec.inpe.br/XML/cidade/241/previsao.xml
2020-12-26 11:28:22,513 — artemis.core.request_engine — INFO — get_data:169 — async mode selected.
2020-12-26 11:28:24,607 — artemis.core.request_engine — WARNING — async_request:117 — Warning: 'bytes' object has no attribute 'json', returning response as xml
2020-12-26 11:28:24,621 — artemis.core.request_engine — WARNING — async_request:117 — Warning: 'bytes' object has no attribute 'json', returning response as xml
2020-12-26 11:28:24,627 — __main__ — INFO — <module>:24 — Done
